0 info it worked if it ends with ok
1 verbose cli [ '/Users/ryankois/.nvm/versions/node/v6.2.0/bin/node',
1 verbose cli   '/Users/ryankois/.nvm/versions/node/v6.2.0/bin/npm',
1 verbose cli   'publish',
1 verbose cli   '--force' ]
2 info using npm@3.8.9
3 info using node@v6.2.0
4 warn using --force I sure hope you know what you are doing.
5 verbose publish [ '.' ]
6 silly cache add args [ '.', null ]
7 verbose cache add spec .
8 silly cache add parsed spec Result {
8 silly cache add   raw: '.',
8 silly cache add   scope: null,
8 silly cache add   name: null,
8 silly cache add   rawSpec: '.',
8 silly cache add   spec: '/Users/ryankois/Projects/workshopper-adventure-storage',
8 silly cache add   type: 'directory' }
9 verbose addLocalDirectory /Users/ryankois/.npm/workshopper-adventure-storage/0.0.1/package.tgz not in flight; packing
10 verbose correctMkdir /Users/ryankois/.npm correctMkdir not in flight; initializing
11 info lifecycle workshopper-adventure-storage@0.0.1~prepublish: workshopper-adventure-storage@0.0.1
12 silly lifecycle workshopper-adventure-storage@0.0.1~prepublish: no script for prepublish, continuing
13 verbose tar pack [ '/Users/ryankois/.npm/workshopper-adventure-storage/0.0.1/package.tgz',
13 verbose tar pack   '/Users/ryankois/Projects/workshopper-adventure-storage' ]
14 verbose tarball /Users/ryankois/.npm/workshopper-adventure-storage/0.0.1/package.tgz
15 verbose folder /Users/ryankois/Projects/workshopper-adventure-storage
16 verbose addLocalTarball adding from inside cache /Users/ryankois/.npm/workshopper-adventure-storage/0.0.1/package.tgz
17 verbose correctMkdir /Users/ryankois/.npm correctMkdir not in flight; initializing
18 silly cache afterAdd workshopper-adventure-storage@0.0.1
19 verbose afterAdd /Users/ryankois/.npm/workshopper-adventure-storage/0.0.1/package/package.json not in flight; writing
20 verbose correctMkdir /Users/ryankois/.npm correctMkdir not in flight; initializing
21 verbose afterAdd /Users/ryankois/.npm/workshopper-adventure-storage/0.0.1/package/package.json written
22 silly publish { name: 'workshopper-adventure-storage',
22 silly publish   version: '0.0.1',
22 silly publish   description: 'Simple storage for [workshopper-adventure](https://github.com/workshopper/workshopper-adventure)',
22 silly publish   main: 'index.js',
22 silly publish   scripts: { test: 'mocha ./test' },
22 silly publish   keywords: [],
22 silly publish   repository:
22 silly publish    { type: 'git',
22 silly publish      url: 'git+https://github.com/kid-icarus/workshopper-adventure-storage.git' },
22 silly publish   author: { name: 'Ryan Kois' },
22 silly publish   license: 'MIT',
22 silly publish   dependencies: { mkdirp: '^0.5.1', rimraf: '^2.5.4' },
22 silly publish   devDependencies: { chai: '^3.5.0', mocha: '^3.0.2' },
22 silly publish   readme: '# workshopper-adventure-storage\n\nSimple storage for [workshopper-adventure](https://github.com/workshopper/workshopper-adventure)\n\nBased on work from [Martin Heidegger](https://github.com/martinheidegger)\n\n## Install\n\n```\nnpm install workshopper-adventure --save\n```\n\n```js\nconst storage = require(\'workshopper-adventure-storage\')\n```\n\n## Properties\n\n## storage.dir\nThe path to store data in.\n\n## storage.userDir\nA default path to store data in.\n\n## Methods\n```js\nconst storage = require(\'workshopper-adventure-storage\')\n```\n\n## storage([dir[, ...]])\nAccepts a sequence of paths for `path.resolve` to use as the storage directory.\n\n## storage.save(\'name\', data\', cb)\nJSON encodes and writes a file to the storage directory. The following will\nsave the file as `index.json`.\n\n```js\nstorage.save(\'index\', {\n  foo: \'bar\'\n}, (err) => {\n  if (err) throw err\n})\n```\n\n## storage.get(\'name\')\nJSON encodes and writes a file to the storage directory.\n\n```js\nconst data = {\n  foo: \'bar\'\n}\nstorage.save(\'index\', data, (err) => {\n  if (err) throw err\n})\n```\n\n## storage.get(\'name\', cb)\nRetrieves and unserializes a file from storage.\n\n```js\nstorage.get(\'index\', (err, data) => {\n  if (err) throw err\n  console.log(file)\n})\n```\n\n## storage.reset(cb)\nClears the storage directory.\n\n```js\nstorage.reset((err) => {\n  if (err) throw err\n})\n```\n',
22 silly publish   readmeFilename: 'README.md',
22 silly publish   gitHead: '84ce30471395b7dc782fb242a1e7395788f38e62',
22 silly publish   bugs: { url: 'https://github.com/kid-icarus/workshopper-adventure-storage/issues' },
22 silly publish   homepage: 'https://github.com/kid-icarus/workshopper-adventure-storage#readme',
22 silly publish   _id: 'workshopper-adventure-storage@0.0.1',
22 silly publish   _shasum: '9882e30d5ba0f9994b4578d0b8e06231daba0645',
22 silly publish   _from: '.' }
23 verbose getPublishConfig undefined
24 silly mapToRegistry name workshopper-adventure-storage
25 silly mapToRegistry using default registry
26 silly mapToRegistry registry https://registry.npmjs.org/
27 silly mapToRegistry data Result {
27 silly mapToRegistry   raw: 'workshopper-adventure-storage',
27 silly mapToRegistry   scope: null,
27 silly mapToRegistry   name: 'workshopper-adventure-storage',
27 silly mapToRegistry   rawSpec: '',
27 silly mapToRegistry   spec: 'latest',
27 silly mapToRegistry   type: 'tag' }
28 silly mapToRegistry uri https://registry.npmjs.org/workshopper-adventure-storage
29 verbose publish registryBase https://registry.npmjs.org/
30 silly publish uploading /Users/ryankois/.npm/workshopper-adventure-storage/0.0.1/package.tgz
31 verbose request uri https://registry.npmjs.org/workshopper-adventure-storage
32 verbose request sending authorization for write operation
33 info attempt registry request try #1 at 11:59:08 PM
34 verbose request using bearer token for auth
35 verbose request id 0d6a360f6b7c0959
36 http request PUT https://registry.npmjs.org/workshopper-adventure-storage
37 http 403 https://registry.npmjs.org/workshopper-adventure-storage
38 verbose headers { 'content-type': 'application/json',
38 verbose headers   'cache-control': 'max-age=300',
38 verbose headers   'content-length': '95',
38 verbose headers   'accept-ranges': 'bytes',
38 verbose headers   date: 'Mon, 19 Sep 2016 06:59:09 GMT',
38 verbose headers   via: '1.1 varnish',
38 verbose headers   connection: 'keep-alive',
38 verbose headers   'x-served-by': 'cache-sjc3123-SJC',
38 verbose headers   'x-cache': 'MISS',
38 verbose headers   'x-cache-hits': '0',
38 verbose headers   'x-timer': 'S1474268349.550159,VS0,VE134',
38 verbose headers   vary: 'Accept-Encoding' }
39 verbose request invalidating /Users/ryankois/.npm/registry.npmjs.org/workshopper-adventure-storage on PUT
40 error publish Failed PUT 403
41 verbose stack Error: "You cannot publish over the previously published version 0.0.1." : workshopper-adventure-storage
41 verbose stack     at makeError (/Users/ryankois/.nvm/versions/node/v6.2.0/lib/node_modules/npm/node_modules/npm-registry-client/lib/request.js:264:12)
41 verbose stack     at CachingRegistryClient.<anonymous> (/Users/ryankois/.nvm/versions/node/v6.2.0/lib/node_modules/npm/node_modules/npm-registry-client/lib/request.js:252:14)
41 verbose stack     at Request._callback (/Users/ryankois/.nvm/versions/node/v6.2.0/lib/node_modules/npm/node_modules/npm-registry-client/lib/request.js:172:14)
41 verbose stack     at Request.self.callback (/Users/ryankois/.nvm/versions/node/v6.2.0/lib/node_modules/npm/node_modules/request/request.js:200:22)
41 verbose stack     at emitTwo (events.js:106:13)
41 verbose stack     at Request.emit (events.js:191:7)
41 verbose stack     at Request.<anonymous> (/Users/ryankois/.nvm/versions/node/v6.2.0/lib/node_modules/npm/node_modules/request/request.js:1067:10)
41 verbose stack     at emitOne (events.js:101:20)
41 verbose stack     at Request.emit (events.js:188:7)
41 verbose stack     at IncomingMessage.<anonymous> (/Users/ryankois/.nvm/versions/node/v6.2.0/lib/node_modules/npm/node_modules/request/request.js:988:12)
42 verbose statusCode 403
43 verbose pkgid workshopper-adventure-storage
44 verbose cwd /Users/ryankois/Projects/workshopper-adventure-storage
45 error Darwin 15.6.0
46 error argv "/Users/ryankois/.nvm/versions/node/v6.2.0/bin/node" "/Users/ryankois/.nvm/versions/node/v6.2.0/bin/npm" "publish" "--force"
47 error node v6.2.0
48 error npm  v3.8.9
49 error code E403
50 error "You cannot publish over the previously published version 0.0.1." : workshopper-adventure-storage
51 error If you need help, you may report this error at:
51 error     <https://github.com/npm/npm/issues>
52 verbose exit [ 1, true ]
